[INFO] Scanning for projects...
[INFO] Inspecting build with total of 1 modules
[INFO] Installing Central Publishing features
[INFO]   from pom.xml
[INFO] Deleting /home/s932743005/assinatura-digital/repo/signer-evandrojr/core/target
[INFO] Copying 6 resources from src/main/resources to target/classes
[INFO] Changes detected - recompiling the module!
[INFO] Compiling 100 source files to /home/s932743005/assinatura-digital/repo/signer-evandrojr/core/target/classes
[WARNING] /home/s932743005/assinatura-digital/repo/signer-evandrojr/core/src/main/java/org/demoiselle/signer/core/oid/OIDGeneric.java:[53,25] sun.security.util.DerValue is internal proprietary API and may be removed in a future release
[WARNING] /home/s932743005/assinatura-digital/repo/signer-evandrojr/core/src/main/java/org/demoiselle/signer/core/oid/OIDGeneric.java:[54,25] sun.security.x509.OtherName is internal proprietary API and may be removed in a future release
[WARNING] /home/s932743005/assinatura-digital/repo/signer-evandrojr/core/src/main/java/org/demoiselle/signer/core/oid/OIDGeneric.java:[53,25] sun.security.util.DerValue is internal proprietary API and may be removed in a future release
[WARNING] /home/s932743005/assinatura-digital/repo/signer-evandrojr/core/src/main/java/org/demoiselle/signer/core/oid/OIDGeneric.java:[54,25] sun.security.x509.OtherName is internal proprietary API and may be removed in a future release
[WARNING] /home/s932743005/assinatura-digital/repo/signer-evandrojr/core/src/main/java/org/demoiselle/signer/core/oid/OIDGeneric.java:[53,25] sun.security.util.DerValue is internal proprietary API and may be removed in a future release
[WARNING] /home/s932743005/assinatura-digital/repo/signer-evandrojr/core/src/main/java/org/demoiselle/signer/core/oid/OIDGeneric.java:[54,25] sun.security.x509.OtherName is internal proprietary API and may be removed in a future release
[WARNING] /home/s932743005/assinatura-digital/repo/signer-evandrojr/core/src/main/java/org/demoiselle/signer/core/oid/OIDGeneric.java:[141,46] sun.security.util.DerValue is internal proprietary API and may be removed in a future release
[WARNING] /home/s932743005/assinatura-digital/repo/signer-evandrojr/core/src/main/java/org/demoiselle/signer/core/oid/OIDGeneric.java:[142,17] sun.security.x509.OtherName is internal proprietary API and may be removed in a future release
[WARNING] /home/s932743005/assinatura-digital/repo/signer-evandrojr/core/src/main/java/org/demoiselle/signer/core/oid/OIDGeneric.java:[142,36] sun.security.x509.OtherName is internal proprietary API and may be removed in a future release
[INFO] /home/s932743005/assinatura-digital/repo/signer-evandrojr/core/src/main/java/org/demoiselle/signer/core/factory/GenericFactory.java: /home/s932743005/assinatura-digital/repo/signer-evandrojr/core/src/main/java/org/demoiselle/signer/core/factory/GenericFactory.java uses unchecked or unsafe operations.
[INFO] /home/s932743005/assinatura-digital/repo/signer-evandrojr/core/src/main/java/org/demoiselle/signer/core/factory/GenericFactory.java: Recompile with -Xlint:unchecked for details.
[INFO] Not copying test resources
[INFO] Not compiling test sources
[INFO] Tests are skipped.
[INFO] No previous run data found, generating javadoc.
Loading source files for package org.demoiselle.signer.core...
Loading source files for package org.demoiselle.signer.core.oid...
Loading source files for package org.demoiselle.signer.core.util...
Loading source files for package org.demoiselle.signer.core.validator...
Loading source files for package org.demoiselle.signer.core.factory...
Loading source files for package org.demoiselle.signer.core.repository...
Loading source files for package org.demoiselle.signer.core.extension...
Loading source files for package org.demoiselle.signer.core.timestamp...
Loading source files for package org.demoiselle.signer.core.ca.provider...
Loading source files for package org.demoiselle.signer.core.ca.manager...
Loading source files for package org.demoiselle.signer.core.keystore.loader...
Loading source files for package org.demoiselle.signer.core.keystore.loader.factory...
Loading source files for package org.demoiselle.signer.core.keystore.loader.implementation...
Loading source files for package org.demoiselle.signer.core.keystore.loader.configuration...
Loading source files for package org.demoiselle.signer.core.exception...
Constructing Javadoc information...
Standard Doclet version 1.8.0_492
Building tree for all the packages and classes...
Generating /home/s932743005/assinatura-digital/repo/signer-evandrojr/core/target/reports/apidocs/org/demoiselle/signer/core/CertificateLoader.html...
Generating /home/s932743005/assinatura-digital/repo/signer-evandrojr/core/target/reports/apidocs/org/demoiselle/signer/core/CertificateLoaderImpl.html...
Generating /home/s932743005/assinatura-digital/repo/signer-evandrojr/core/target/reports/apidocs/org/demoiselle/signer/core/CertificateManager.html...
Generating /home/s932743005/assinatura-digital/repo/signer-evandrojr/core/target/reports/apidocs/org/demoiselle/signer/core/IOIDExtensionLoader.html...
Generating /home/s932743005/assinatura-digital/repo/signer-evandrojr/core/target/reports/apidocs/org/demoiselle/signer/core/IValidator.html...
Generating /home/s932743005/assinatura-digital/repo/signer-evandrojr/core/target/reports/apidocs/org/demoiselle/signer/core/OIDExtension.html...
Generating /home/s932743005/assinatura-digital/repo/signer-evandrojr/core/target/reports/apidocs/org/demoiselle/signer/core/Priority.html...
Generating /home/s932743005/assinatura-digital/repo/signer-evandrojr/core/target/reports/apidocs/org/demoiselle/signer/core/oid/OID_1_3_6_1_4_1_311_20_2_3.html...
Generating /home/s932743005/assinatura-digital/repo/signer-evandrojr/core/target/reports/apidocs/org/demoiselle/signer/core/oid/OID_1_3_6_1_4_1_311_60_2_1_3.html...
... (287 lines truncated)
